{"c:\\Users\\larsr\\Dropbox\\Uni\\semester_7\\packages\\ella\\src\\ella.js":{"path":"c:\\Users\\larsr\\Dropbox\\Uni\\semester_7\\packages\\ella\\src\\ella.js","s":{"1":1,"2":1,"3":1,"4":13,"5":1,"6":1,"7":11,"8":1,"9":24},"b":{"1":[24,0],"2":[24,24]},"f":{"1":13,"2":11,"3":24},"fnMap":{"1":{"name":"get","line":11,"loc":{"start":{"line":0,"column":0},"end":{"line":0,"column":0},"skip":true},"skip":true},"2":{"name":"get","line":20,"loc":{"start":{"line":0,"column":0},"end":{"line":0,"column":0},"skip":true},"skip":true},"3":{"name":"_interopRequireDefault","line":25,"loc":{"start":{"line":0,"column":0},"end":{"line":0,"column":0},"skip":true},"skip":true}},"statementMap":{"1":{"start":{"line":0,"column":0},"end":{"line":0,"column":0},"skip":true},"2":{"start":{"line":0,"column":0},"end":{"line":0,"column":0},"skip":true},"3":{"start":{"line":0,"column":0},"end":{"line":0,"column":0},"skip":true},"4":{"start":{"line":0,"column":0},"end":{"line":0,"column":0},"skip":true},"5":{"start":{"line":0,"column":0},"end":{"line":0,"column":0},"skip":true},"6":{"start":{"line":0,"column":0},"end":{"line":0,"column":0},"skip":true},"7":{"start":{"line":0,"column":0},"end":{"line":0,"column":0},"skip":true},"8":{"start":{"line":0,"column":0},"end":{"line":0,"column":0},"skip":true},"9":{"start":{"line":0,"column":0},"end":{"line":0,"column":0},"skip":true}},"branchMap":{"1":{"line":25,"type":"cond-expr","locations":[{"start":{"line":0,"column":0},"end":{"line":0,"column":0},"skip":true},{"start":{"line":0,"column":0},"end":{"line":0,"column":0},"skip":true}]},"2":{"line":25,"type":"binary-expr","locations":[{"start":{"line":0,"column":0},"end":{"line":0,"column":0},"skip":true},{"start":{"line":0,"column":0},"end":{"line":0,"column":0},"skip":true}]}}},"c:\\Users\\larsr\\Dropbox\\Uni\\semester_7\\packages\\ella\\src\\Vec2.js":{"path":"c:\\Users\\larsr\\Dropbox\\Uni\\semester_7\\packages\\ella\\src\\Vec2.js","s":{"1":1,"2":1,"3":1,"4":1,"5":9,"6":9,"7":9,"8":9,"9":9,"10":9,"11":1,"12":1,"13":1,"14":1,"15":0,"16":1,"17":1,"18":26,"19":0,"20":1,"21":1,"22":26,"23":26,"24":26,"25":1,"26":2,"27":2,"28":2,"29":4,"30":3,"31":2,"32":1,"33":2,"34":2,"35":1,"36":1,"37":1},"b":{"1":[9,9],"2":[9,0],"3":[1,0],"4":[0,1],"5":[0,26]},"f":{"1":1,"2":1,"3":1,"4":26,"5":1,"6":26,"7":2,"8":2,"9":2,"10":4,"11":3,"12":2,"13":1,"14":2,"15":1},"fnMap":{"1":{"name":"(anonymous_1)","line":7,"loc":{"start":{"line":0,"column":0},"end":{"line":0,"column":0},"skip":true},"skip":true},"2":{"name":"defineProperties","line":7,"loc":{"start":{"line":0,"column":0},"end":{"line":0,"column":0},"skip":true},"skip":true},"3":{"name":"(anonymous_3)","line":7,"loc":{"start":{"line":0,"column":0},"end":{"line":0,"column":0},"skip":true},"skip":true},"4":{"name":"_classCallCheck","line":9,"loc":{"start":{"line":0,"column":0},"end":{"line":0,"column":0},"skip":true},"skip":true},"5":{"name":"(anonymous_5)","line":15,"loc":{"start":{"line":4,"column":21},"end":{"line":4,"column":21}}},"6":{"name":"Vec2","line":25,"loc":{"start":{"line":13,"column":4},"end":{"line":13,"column":22}}},"7":{"name":"add","line":57,"loc":{"start":{"line":0,"column":0},"end":{"line":0,"column":0},"skip":true},"skip":true},"8":{"name":"sub","line":74,"loc":{"start":{"line":0,"column":0},"end":{"line":0,"column":0},"skip":true},"skip":true},"9":{"name":"mul","line":91,"loc":{"start":{"line":0,"column":0},"end":{"line":0,"column":0},"skip":true},"skip":true},"10":{"name":"div","line":107,"loc":{"start":{"line":0,"column":0},"end":{"line":0,"column":0},"skip":true},"skip":true},"11":{"name":"length","line":120,"loc":{"start":{"line":0,"column":0},"end":{"line":0,"column":0},"skip":true},"skip":true},"12":{"name":"normalize","line":134,"loc":{"start":{"line":0,"column":0},"end":{"line":0,"column":0},"skip":true},"skip":true},"13":{"name":"dot","line":150,"loc":{"start":{"line":0,"column":0},"end":{"line":0,"column":0},"skip":true},"skip":true},"14":{"name":"rotate","line":167,"loc":{"start":{"line":0,"column":0},"end":{"line":0,"column":0},"skip":true},"skip":true},"15":{"name":"toString","line":185,"loc":{"start":{"line":0,"column":0},"end":{"line":0,"column":0},"skip":true},"skip":true}},"statementMap":{"1":{"start":{"line":0,"column":0},"end":{"line":0,"column":0},"skip":true},"2":{"start":{"line":0,"column":0},"end":{"line":0,"column":0},"skip":true},"3":{"start":{"line":0,"column":0},"end":{"line":0,"column":0},"skip":true},"4":{"start":{"line":0,"column":0},"end":{"line":0,"column":0},"skip":true},"5":{"start":{"line":0,"column":0},"end":{"line":0,"column":0},"skip":true},"6":{"start":{"line":0,"column":0},"end":{"line":0,"column":0},"skip":true},"7":{"start":{"line":0,"column":0},"end":{"line":0,"column":0},"skip":true},"8":{"start":{"line":0,"column":0},"end":{"line":0,"column":0},"skip":true},"9":{"start":{"line":0,"column":0},"end":{"line":0,"column":0},"skip":true},"10":{"start":{"line":0,"column":0},"end":{"line":0,"column":0},"skip":true},"11":{"start":{"line":0,"column":0},"end":{"line":0,"column":0},"skip":true},"12":{"start":{"line":0,"column":0},"end":{"line":0,"column":0},"skip":true},"13":{"start":{"line":0,"column":0},"end":{"line":0,"column":0},"skip":true},"14":{"start":{"line":0,"column":0},"end":{"line":0,"column":0},"skip":true},"15":{"start":{"line":0,"column":0},"end":{"line":0,"column":0},"skip":true},"16":{"start":{"line":0,"column":0},"end":{"line":0,"column":0},"skip":true},"17":{"start":{"line":0,"column":0},"end":{"line":0,"column":0},"skip":true},"18":{"start":{"line":0,"column":0},"end":{"line":0,"column":0},"skip":true},"19":{"start":{"line":0,"column":0},"end":{"line":0,"column":0},"skip":true},"20":{"start":{"line":0,"column":0},"end":{"line":0,"column":0},"skip":true},"21":{"start":{"line":13,"column":4},"end":{"line":13,"column":4}},"22":{"start":{"line":0,"column":0},"end":{"line":0,"column":0},"skip":true},"23":{"start":{"line":20,"column":8},"end":{"line":20,"column":8}},"24":{"start":{"line":13,"column":22},"end":{"line":13,"column":22}},"25":{"start":{"line":0,"column":0},"end":{"line":0,"column":0},"skip":true},"26":{"start":{"line":41,"column":8},"end":{"line":40,"column":11}},"27":{"start":{"line":55,"column":8},"end":{"line":54,"column":11}},"28":{"start":{"line":69,"column":8},"end":{"line":68,"column":11}},"29":{"start":{"line":82,"column":8},"end":{"line":81,"column":11}},"30":{"start":{"line":92,"column":8},"end":{"line":91,"column":13}},"31":{"start":{"line":103,"column":8},"end":{"line":102,"column":16}},"32":{"start":{"line":116,"column":8},"end":{"line":115,"column":11}},"33":{"start":{"line":130,"column":8},"end":{"line":129,"column":18}},"34":{"start":{"line":133,"column":8},"end":{"line":129,"column":18}},"35":{"start":{"line":146,"column":8},"end":{"line":145,"column":15}},"36":{"start":{"line":0,"column":0},"end":{"line":0,"column":0},"skip":true},"37":{"start":{"line":0,"column":0},"end":{"line":0,"column":0},"skip":true}},"branchMap":{"1":{"line":7,"type":"binary-expr","locations":[{"start":{"line":0,"column":0},"end":{"line":0,"column":0},"skip":true},{"start":{"line":0,"column":0},"end":{"line":0,"column":0},"skip":true}]},"2":{"line":7,"type":"if","locations":[{"start":{"line":0,"column":0},"end":{"line":0,"column":0},"skip":true},{"start":{"line":0,"column":0},"end":{"line":0,"column":0},"skip":true}]},"3":{"line":7,"type":"if","locations":[{"start":{"line":0,"column":0},"end":{"line":0,"column":0},"skip":true},{"start":{"line":0,"column":0},"end":{"line":0,"column":0},"skip":true}]},"4":{"line":7,"type":"if","locations":[{"start":{"line":0,"column":0},"end":{"line":0,"column":0},"skip":true},{"start":{"line":0,"column":0},"end":{"line":0,"column":0},"skip":true}]},"5":{"line":9,"type":"if","locations":[{"start":{"line":0,"column":0},"end":{"line":0,"column":0},"skip":true},{"start":{"line":0,"column":0},"end":{"line":0,"column":0},"skip":true}]}}},"c:\\Users\\larsr\\Dropbox\\Uni\\semester_7\\packages\\ella\\src\\Vec2Builder.js":{"path":"c:\\Users\\larsr\\Dropbox\\Uni\\semester_7\\packages\\ella\\src\\Vec2Builder.js","s":{"1":1,"2":1,"3":1,"4":2,"5":11,"6":11,"7":11,"8":11,"9":11,"10":11,"11":1,"12":2,"13":1,"14":2,"15":1,"16":2,"17":1,"18":1,"19":1,"20":1,"21":1,"22":11,"23":0,"24":1,"25":1,"26":1,"27":1,"28":11,"29":11,"30":11,"31":1,"32":2,"33":2,"34":2,"35":2,"36":2,"37":2,"38":2,"39":2,"40":2,"41":2,"42":2,"43":2,"44":3,"45":2,"46":2,"47":2,"48":2,"49":1,"50":2,"51":2,"52":2,"53":2,"54":1,"55":1,"56":1,"57":1},"b":{"1":[11,11],"2":[11,0],"3":[1,1],"4":[1,1],"5":[1,0],"6":[1,1],"7":[0,11]},"f":{"1":1,"2":2,"3":2,"4":1,"5":11,"6":1,"7":1,"8":11,"9":2,"10":2,"11":2,"12":2,"13":3,"14":2,"15":1,"16":2,"17":1,"18":1},"fnMap":{"1":{"name":"(anonymous_1)","line":7,"loc":{"start":{"line":0,"column":0},"end":{"line":0,"column":0},"skip":true},"skip":true},"2":{"name":"defineProperties","line":7,"loc":{"start":{"line":0,"column":0},"end":{"line":0,"column":0},"skip":true},"skip":true},"3":{"name":"(anonymous_3)","line":7,"loc":{"start":{"line":0,"column":0},"end":{"line":0,"column":0},"skip":true},"skip":true},"4":{"name":"_interopRequireDefault","line":13,"loc":{"start":{"line":0,"column":0},"end":{"line":0,"column":0},"skip":true},"skip":true},"5":{"name":"_classCallCheck","line":15,"loc":{"start":{"line":0,"column":0},"end":{"line":0,"column":0},"skip":true},"skip":true},"6":{"name":"(anonymous_6)","line":23,"loc":{"start":{"line":8,"column":21},"end":{"line":8,"column":21}}},"7":{"name":"fromVec2","line":37,"loc":{"start":{"line":0,"column":0},"end":{"line":0,"column":0},"skip":true},"skip":true},"8":{"name":"Vec2Builder","line":51,"loc":{"start":{"line":30,"column":4},"end":{"line":30,"column":22}}},"9":{"name":"add","line":85,"loc":{"start":{"line":0,"column":0},"end":{"line":0,"column":0},"skip":true},"skip":true},"10":{"name":"sub","line":106,"loc":{"start":{"line":0,"column":0},"end":{"line":0,"column":0},"skip":true},"skip":true},"11":{"name":"mul","line":124,"loc":{"start":{"line":0,"column":0},"end":{"line":0,"column":0},"skip":true},"skip":true},"12":{"name":"div","line":142,"loc":{"start":{"line":0,"column":0},"end":{"line":0,"column":0},"skip":true},"skip":true},"13":{"name":"length","line":157,"loc":{"start":{"line":0,"column":0},"end":{"line":0,"column":0},"skip":true},"skip":true},"14":{"name":"normalize","line":170,"loc":{"start":{"line":0,"column":0},"end":{"line":0,"column":0},"skip":true},"skip":true},"15":{"name":"dot","line":192,"loc":{"start":{"line":0,"column":0},"end":{"line":0,"column":0},"skip":true},"skip":true},"16":{"name":"rotate","line":208,"loc":{"start":{"line":0,"column":0},"end":{"line":0,"column":0},"skip":true},"skip":true},"17":{"name":"toVec2","line":229,"loc":{"start":{"line":0,"column":0},"end":{"line":0,"column":0},"skip":true},"skip":true},"18":{"name":"toString","line":244,"loc":{"start":{"line":0,"column":0},"end":{"line":0,"column":0},"skip":true},"skip":true}},"statementMap":{"1":{"start":{"line":0,"column":0},"end":{"line":0,"column":0},"skip":true},"2":{"start":{"line":0,"column":0},"end":{"line":0,"column":0},"skip":true},"3":{"start":{"line":0,"column":0},"end":{"line":0,"column":0},"skip":true},"4":{"start":{"line":0,"column":0},"end":{"line":0,"column":0},"skip":true},"5":{"start":{"line":0,"column":0},"end":{"line":0,"column":0},"skip":true},"6":{"start":{"line":0,"column":0},"end":{"line":0,"column":0},"skip":true},"7":{"start":{"line":0,"column":0},"end":{"line":0,"column":0},"skip":true},"8":{"start":{"line":0,"column":0},"end":{"line":0,"column":0},"skip":true},"9":{"start":{"line":0,"column":0},"end":{"line":0,"column":0},"skip":true},"10":{"start":{"line":0,"column":0},"end":{"line":0,"column":0},"skip":true},"11":{"start":{"line":0,"column":0},"end":{"line":0,"column":0},"skip":true},"12":{"start":{"line":0,"column":0},"end":{"line":0,"column":0},"skip":true},"13":{"start":{"line":0,"column":0},"end":{"line":0,"column":0},"skip":true},"14":{"start":{"line":0,"column":0},"end":{"line":0,"column":0},"skip":true},"15":{"start":{"line":0,"column":0},"end":{"line":0,"column":0},"skip":true},"16":{"start":{"line":0,"column":0},"end":{"line":0,"column":0},"skip":true},"17":{"start":{"line":0,"column":0},"end":{"line":0,"column":0},"skip":true},"18":{"start":{"line":0,"column":0},"end":{"line":0,"column":0},"skip":true},"19":{"start":{"line":0,"column":0},"end":{"line":0,"column":0},"skip":true},"20":{"start":{"line":0,"column":0},"end":{"line":0,"column":0},"skip":true},"21":{"start":{"line":0,"column":0},"end":{"line":0,"column":0},"skip":true},"22":{"start":{"line":0,"column":0},"end":{"line":0,"column":0},"skip":true},"23":{"start":{"line":0,"column":0},"end":{"line":0,"column":0},"skip":true},"24":{"start":{"line":0,"column":0},"end":{"line":0,"column":0},"skip":true},"25":{"start":{"line":0,"column":0},"end":{"line":0,"column":0},"skip":true},"26":{"start":{"line":20,"column":8},"end":{"line":19,"column":23}},"27":{"start":{"line":30,"column":4},"end":{"line":30,"column":4}},"28":{"start":{"line":0,"column":0},"end":{"line":0,"column":0},"skip":true},"29":{"start":{"line":37,"column":8},"end":{"line":37,"column":8}},"30":{"start":{"line":30,"column":22},"end":{"line":30,"column":22}},"31":{"start":{"line":0,"column":0},"end":{"line":0,"column":0},"skip":true},"32":{"start":{"line":60,"column":8},"end":{"line":59,"column":14}},"33":{"start":{"line":61,"column":8},"end":{"line":59,"column":14}},"34":{"start":{"line":62,"column":8},"end":{"line":59,"column":14}},"35":{"start":{"line":78,"column":8},"end":{"line":77,"column":14}},"36":{"start":{"line":79,"column":8},"end":{"line":77,"column":14}},"37":{"start":{"line":80,"column":8},"end":{"line":77,"column":14}},"38":{"start":{"line":93,"column":8},"end":{"line":92,"column":11}},"39":{"start":{"line":94,"column":8},"end":{"line":92,"column":11}},"40":{"start":{"line":95,"column":8},"end":{"line":92,"column":11}},"41":{"start":{"line":108,"column":8},"end":{"line":107,"column":11}},"42":{"start":{"line":109,"column":8},"end":{"line":107,"column":11}},"43":{"start":{"line":110,"column":8},"end":{"line":107,"column":11}},"44":{"start":{"line":120,"column":8},"end":{"line":119,"column":13}},"45":{"start":{"line":130,"column":8},"end":{"line":129,"column":16}},"46":{"start":{"line":131,"column":8},"end":{"line":129,"column":16}},"47":{"start":{"line":132,"column":8},"end":{"line":129,"column":16}},"48":{"start":{"line":133,"column":8},"end":{"line":129,"column":16}},"49":{"start":{"line":149,"column":8},"end":{"line":148,"column":14}},"50":{"start":{"line":162,"column":8},"end":{"line":161,"column":18}},"51":{"start":{"line":167,"column":8},"end":{"line":161,"column":18}},"52":{"start":{"line":168,"column":8},"end":{"line":161,"column":18}},"53":{"start":{"line":170,"column":8},"end":{"line":161,"column":18}},"54":{"start":{"line":180,"column":8},"end":{"line":179,"column":13}},"55":{"start":{"line":192,"column":8},"end":{"line":191,"column":15}},"56":{"start":{"line":0,"column":0},"end":{"line":0,"column":0},"skip":true},"57":{"start":{"line":0,"column":0},"end":{"line":0,"column":0},"skip":true}},"branchMap":{"1":{"line":7,"type":"binary-expr","locations":[{"start":{"line":0,"column":0},"end":{"line":0,"column":0},"skip":true},{"start":{"line":0,"column":0},"end":{"line":0,"column":0},"skip":true}]},"2":{"line":7,"type":"if","locations":[{"start":{"line":0,"column":0},"end":{"line":0,"column":0},"skip":true},{"start":{"line":0,"column":0},"end":{"line":0,"column":0},"skip":true}]},"3":{"line":7,"type":"if","locations":[{"start":{"line":0,"column":0},"end":{"line":0,"column":0},"skip":true},{"start":{"line":0,"column":0},"end":{"line":0,"column":0},"skip":true}]},"4":{"line":7,"type":"if","locations":[{"start":{"line":0,"column":0},"end":{"line":0,"column":0},"skip":true},{"start":{"line":0,"column":0},"end":{"line":0,"column":0},"skip":true}]},"5":{"line":13,"type":"cond-expr","locations":[{"start":{"line":0,"column":0},"end":{"line":0,"column":0},"skip":true},{"start":{"line":0,"column":0},"end":{"line":0,"column":0},"skip":true}]},"6":{"line":13,"type":"binary-expr","locations":[{"start":{"line":0,"column":0},"end":{"line":0,"column":0},"skip":true},{"start":{"line":0,"column":0},"end":{"line":0,"column":0},"skip":true}]},"7":{"line":15,"type":"if","locations":[{"start":{"line":0,"column":0},"end":{"line":0,"column":0},"skip":true},{"start":{"line":0,"column":0},"end":{"line":0,"column":0},"skip":true}]}}}}